0 info it worked if it ends with ok
1 verbose cli [ 'node', '/usr/local/bin/npm', 'install', '-g', 'meteorite' ]
2 info using npm@1.3.11
3 info using node@v0.10.31
4 verbose node symlink /usr/local/bin/node
5 verbose cache add [ 'meteorite', null ]
6 verbose cache add name=undefined spec="meteorite" args=["meteorite",null]
7 verbose parsed url { protocol: null,
7 verbose parsed url   slashes: null,
7 verbose parsed url   auth: null,
7 verbose parsed url   host: null,
7 verbose parsed url   port: null,
7 verbose parsed url   hostname: null,
7 verbose parsed url   hash: null,
7 verbose parsed url   search: null,
7 verbose parsed url   query: null,
7 verbose parsed url   pathname: 'meteorite',
7 verbose parsed url   path: 'meteorite',
7 verbose parsed url   href: 'meteorite' }
8 silly lockFile 8f2f99a9-meteorite meteorite
9 verbose lock meteorite /Users/student/.npm/8f2f99a9-meteorite.lock
10 silly lockFile 8f2f99a9-meteorite meteorite
11 silly lockFile 8f2f99a9-meteorite meteorite
12 verbose addNamed [ 'meteorite', '' ]
13 verbose addNamed [ null, '*' ]
14 silly lockFile bf6d5fee-meteorite meteorite@
15 verbose lock meteorite@ /Users/student/.npm/bf6d5fee-meteorite.lock
16 silly addNameRange { name: 'meteorite', range: '*', hasData: false }
17 verbose url raw meteorite
18 verbose url resolving [ 'https://registry.npmjs.org/', './meteorite' ]
19 verbose url resolved https://registry.npmjs.org/meteorite
20 info trying registry request attempt 1 at 11:52:24
21 verbose etag "5CBL6OVRWKRCJNLV1X7BJ7CUK"
22 http GET https://registry.npmjs.org/meteorite
23 http 304 https://registry.npmjs.org/meteorite
24 silly registry.get cb [ 304,
24 silly registry.get   { date: 'Thu, 16 Oct 2014 17:52:29 GMT',
24 silly registry.get     server: 'Apache',
24 silly registry.get     via: '1.1 varnish',
24 silly registry.get     'last-modified': 'Thu, 16 Oct 2014 17:52:29 GMT',
24 silly registry.get     'cache-control': 'max-age=60',
24 silly registry.get     etag: '"5CBL6OVRWKRCJNLV1X7BJ7CUK"',
24 silly registry.get     age: '0',
24 silly registry.get     'x-served-by': 'cache-lax1426-LAX',
24 silly registry.get     'x-cache': 'MISS',
24 silly registry.get     'x-cache-hits': '0',
24 silly registry.get     'x-timer': 'S1413481949.190347,VS0,VE71',
24 silly registry.get     vary: 'Accept',
24 silly registry.get     'content-length': '0',
24 silly registry.get     'keep-alive': 'timeout=10, max=50',
24 silly registry.get     connection: 'Keep-Alive' } ]
25 verbose etag meteorite from cache
26 silly addNameRange number 2 { name: 'meteorite', range: '*', hasData: true }
27 silly addNameRange versions [ 'meteorite',
27 silly addNameRange   [ '0.0.1',
27 silly addNameRange     '0.0.2',
27 silly addNameRange     '0.0.3',
27 silly addNameRange     '0.0.4',
27 silly addNameRange     '0.0.5',
27 silly addNameRange     '0.0.6',
27 silly addNameRange     '0.0.7',
27 silly addNameRange     '0.0.8',
27 silly addNameRange     '0.0.9',
27 silly addNameRange     '0.0.10',
27 silly addNameRange     '0.0.11',
27 silly addNameRange     '0.0.12',
27 silly addNameRange     '0.0.13',
27 silly addNameRange     '0.0.14',
27 silly addNameRange     '0.0.15',
27 silly addNameRange     '0.0.16',
27 silly addNameRange     '0.0.17',
27 silly addNameRange     '0.0.18',
27 silly addNameRange     '0.0.19',
27 silly addNameRange     '0.1.0',
27 silly addNameRange     '0.1.1',
27 silly addNameRange     '0.2.0',
27 silly addNameRange     '0.2.1',
27 silly addNameRange     '0.2.2',
27 silly addNameRange     '0.3.0',
27 silly addNameRange     '0.3.1',
27 silly addNameRange     '0.3.3',
27 silly addNameRange     '0.4.0',
27 silly addNameRange     '0.4.1',
27 silly addNameRange     '0.4.2',
27 silly addNameRange     '0.4.3',
27 silly addNameRange     '0.4.4',
27 silly addNameRange     '0.4.5',
27 silly addNameRange     '0.4.6',
27 silly addNameRange     '0.4.7',
27 silly addNameRange     '0.4.8',
27 silly addNameRange     '0.4.9',
27 silly addNameRange     '0.5.0',
27 silly addNameRange     '0.5.1',
27 silly addNameRange     '0.6.0',
27 silly addNameRange     '0.6.1',
27 silly addNameRange     '0.6.2',
27 silly addNameRange     '0.6.3',
27 silly addNameRange     '0.6.4',
27 silly addNameRange     '0.6.5',
27 silly addNameRange     '0.6.6',
27 silly addNameRange     '0.6.7',
27 silly addNameRange     '0.6.8',
27 silly addNameRange     '0.6.9',
27 silly addNameRange     '0.6.10',
27 silly addNameRange     '0.6.11',
27 silly addNameRange     '0.6.12',
27 silly addNameRange     '0.6.13',
27 silly addNameRange     '0.6.14',
27 silly addNameRange     '0.6.15',
27 silly addNameRange     '0.6.16',
27 silly addNameRange     '0.7.0',
27 silly addNameRange     '0.7.1',
27 silly addNameRange     '0.7.2',
27 silly addNameRange     '0.7.3',
27 silly addNameRange     '0.7.4',
27 silly addNameRange     '0.7.5',
27 silly addNameRange     '0.7.6',
27 silly addNameRange     '0.7.7',
27 silly addNameRange     '0.7.8',
27 silly addNameRange     '0.9.0',
27 silly addNameRange     '0.9.1',
27 silly addNameRange     '0.9.2' ] ]
28 verbose addNamed [ 'meteorite', '0.9.2' ]
29 verbose addNamed [ '0.9.2', '0.9.2' ]
30 silly lockFile 718a0fc1-meteorite-0-9-2 meteorite@0.9.2
31 verbose lock meteorite@0.9.2 /Users/student/.npm/718a0fc1-meteorite-0-9-2.lock
32 silly lockFile 718a0fc1-meteorite-0-9-2 meteorite@0.9.2
33 silly lockFile 718a0fc1-meteorite-0-9-2 meteorite@0.9.2
34 silly lockFile bf6d5fee-meteorite meteorite@
35 silly lockFile bf6d5fee-meteorite meteorite@
36 silly resolved [ { name: 'meteorite',
36 silly resolved     version: '0.9.2',
36 silly resolved     homepage: 'http://oortcloud.github.com/meteorite',
36 silly resolved     engines: [ 'node >=0.8.0' ],
36 silly resolved     description: 'Installer & smart package manager for Meteor',
36 silly resolved     author:
36 silly resolved      { name: 'Tom Coleman',
36 silly resolved        email: 'tom@percolatestudio.com',
36 silly resolved        url: 'http://percolatestudio.com' },
36 silly resolved     dependencies:
36 silly resolved      { ddp: '>=0.3.1 <0.5.0',
36 silly resolved        underscore: '1.3.3',
36 silly resolved        wrench: '1.3.9',
36 silly resolved        fstream: '>=0.1.18',
36 silly resolved        optimist: '>=0.3.4',
36 silly resolved        prompt: '0.2.11',
36 silly resolved        colors: '0.6.0-1',
36 silly resolved        async: '0.2.9',
36 silly resolved        rolling_timeout_exec: '>=0.0.1' },
36 silly resolved     devDependencies: { mocha: '>=1.2.2', connect: '>=2.3.6', which: '>=1.0.5' },
36 silly resolved     scripts:
36 silly resolved      { test: 'mocha spec/unit spec/acceptance -t 240000 -R spec',
36 silly resolved        flushcache: 'rm -rf spec/support/cache',
36 silly resolved        postinstall: 'sh ./completions/postinstall.sh' },
36 silly resolved     repository:
36 silly resolved      { type: 'git',
36 silly resolved        url: 'https://github.com/oortcloud/meteorite.git' },
36 silly resolved     bin: { mrt: './bin/mrt.js' },
36 silly resolved     readme: '# Meteorite\n\nMeteorite is a Meteor version manager and package manager. It provides an easy way to run different versions of meteor, use non-core packages, and to install packages from the [Atmosphere package repository](https://atmosphere.meteor.com/). \n\nMeteorite provides the command `mrt`, which can be used to add and install smart packages from atmosphere.\n\n``` sh\n$ mrt create my-app\n$ cd my-app\n# Install an Atmosphere package, recursively fetching dependencies.\n$ mrt add router\n# Check for and install any updates, and run the app.\n$ mrt\n```\n\n## Installing Meteorite\n\nMeteorite can be installed via [npm](https://npmjs.org/).\n\n``` sh\n$ npm install -g meteorite\n```\n\n### NOTE:\nIf your system requires root access to install global npm packages, make sure you use the `-H` flag:\n\n``` sh\n$ sudo -H npm install -g meteorite\n```\n\n## Updating from pre-0.6.0 Meteorite\n\nMeteorite now symlinks packages into the `packages/` directory of your app, so it\'s no longer necessary to run `mrt` when you want to start a server. Just make sure you `mrt install` in your app, and delete the `"meteor"` section from your `smart.json`. \n\nSubsequently, you can simply use `meteor` to run your development server, and just `mrt install` to ensure all packages are installed from atmosphere.\n\n### NOTES\n\n- Meteor is not officially supported on windows; you can run it thanks to [Tom Wijman\'s excellent work](http://win.meteor.com). However, meteorite\'s git based approach runs counter to the MSI installation that\'s required to get it working. So meteorite *does not* work under windows right now. Pull Requests which change this would be gladly accepted! Also, see [this blog post](http://www.discovermeteor.com/2013/03/20/using-meteor-and-atmopshere-on-windows/) for some information about how to use it.\n\n- You\'ll also need to ensure you have [git](http://git-scm.com) installed and available in your path. Also, you\'ll need to make sure that `mrt`\'s install location (usually `/usr/local/bin/`) is on your path.\n\n\n## Usage\n\n### `mrt add <package>`\n\nWorks like `meteor add`, but if the package isn\'t one of Meteor\'s included packages, it installs it from [Atmosphere](https://atmosphere.meteor.com).\n\nUnlike `meteor add`, only one package can be added at a time with `mrt add`.\n\n``` sh\n# Add the latest version of the moment package on Atmosphere.\n$ mrt add moment\n# Add a specific version of a package.\n$ mrt add router --pkg-version 0.3.4\n# Meteorite will install page.js too, because router depends on it.\n```\n\n### `mrt remove <package>`\n\nSimilarly, removes a package from `smart.json`, and unlinks it from your project (as well as telling Meteor not to use it).\n\n### `mrt install`\n\nInstall all packages listed in `smart.json` that aren\'t already installed on your machine. Use this command if you are working collaboratively and your colleagues install new packages.\n\n### `mrt update`\n\nInstalls any available updates to the app\'s desired Meteor version and packages.\n\n### `mrt create <name>`\n\nWorks like `meteor create`, but you can specify the desired branch, tag or reference of [Meteor\'s git repository](https://github.com/meteor/meteor) that the app should be based on.\n\n``` sh\n# By default, apps are based on Meteor\'s master branch.\n$ mrt create cool-app\n# You can create apps based on a branch of Meteor\'s repo.\n$ mrt create risky-app --branch devel\n# Or, on a tag (such as version numbers).\n$ mrt create safe-app --tag v0.5.4\n# Or, or on a commit.\n$ mrt create choosy-app --ref a9a717\n```\n\n### `mrt create-package [path/to/]foo`\n\nPuts the basic building blocks down for creating a package named `foo`, (potentially in a sub directory, usually `packages/`).\n\n### `mrt link-package path/to/foo`\n\nLinks `packages/foo` to `path/to/foo` so that you can use a local version without changing `smart.json`. Useful for quick changes to a package you maintain when developing an application. \n\nNote that `mrt install` or `mrt` will _overwrite_ this link if you also have `foo` in your `smart.json` (which you probably will). This may change in the future.\n\n## Options\n\nOptions can be passed at the very end of the command.\n\n### `--verbose`\n\nLog debug information to the console.\n\nExample: `mrt add crypto-sha1 --verbose`\n\n## Deprecated commands\n\nAs Meteorite now installs packages into the `packages/` directory, you can simply run `meteor` to start your app. You may need to run `mrt install` first.\nYou can run any meteor executable you like (e.g. from a checkout somewhere on your machine). \n\n### `mrt`\n\nWorks like `meteor`, but checks and installs the app\'s desired Meteor version and package dependencies before running the app. You may still want to use this, but it\'s no longer the official way to use Meteorite.\n\nIf however you want to use a forked version of Meteor in your project, you can still list it in your `smart.json`, and Meteorite will run it via `mrt`. (Of course you could just run it directly from a checkout too, which may be simpler).\n\n### Other commands\n\nWhen Meteorite is executed for an app, it checks or installs the app\'s desired Meteor version, packages and dependencies, then does the required book-keeping (described below), and finally passes the command onto `meteor`.\n\n## Permission woes?\n\nIt is *not* required that you run `sudo mrt`. If you do so, your home directory will pick up some root-owned files and you\'ll struggle to run `mrt` without `sudo` from then on. This isn\'t good.\n\nTo fix the problem, try cleaning up potentially "sudo-ed" files:\n\n```bash\nsudo mrt uninstall\nsudo mrt uninstall --system\nsudo chown -R `whoami` ~/.npm\n```\n\nIf possible, try not to install Meteorite as root either. If you have permissions problems, make sure you install with `sudo -H npm install -g meteorite`. If you\'ve installed without `-H`, your `~/.npm` directory will be owned by root and you should run the `chown` command above to fix it.\n\n\n\n## How Meteorite works\n\nApps tell Meteorite the Meteor version and packages they want with a file called `smart.json` in their root directory. Meteorite will install those dependencies the next time it is executed within that app.\n\nMeteorite writes to a `smart.lock` file in the app\'s root directory to track the exact versions of its dependencies, even when it\'s set up in a fresh environment. You should check the `smart.lock` file into your app\'s version control, to ensure that other developers are running the same versions of the dependencies. Any changes in `smart.json` take precendency over `smart.lock`. The `smart.lock` file is reset with the `mrt update` command.\n\n### Example `smart.json`\n\nThe `meteor` property is not required: apps will depend on Meteor\'s master branch by default. You can specify `meteor.branch`, `meteor.tag` or `meteor.git` to use alternate branches, tags and forks respectively. Note that `meteor.git` expects an actual URL, use `ssh://git@github.com/meteor/meteor.git` instead of `git@github.com:meteor/meteor.git`.\n\n``` json\n{\n  "packages": {\n    "moment": {},\n    "router": "0.3.4",\n    "roles": {\n      "version": "1.0.1"\n    },\n    "accounts-persona": {\n      "git": "https://github.com/vladikoff/meteor-accounts-persona"\n    },\n    "normalize.css": {\n      "git": "https://github.com/rithis/meteor-normalize.css",\n      "tag": "v2.0.1"\n    },\n    "branch-of-package": {\n      "git": "https://github.com/EventedMind/iron-router.git",\n      "branch": "dev"\n    },\n    "my-experiment": {\n      "path": "/path/to/local/package"\n    }\n  }\n}\n```\n\n## Writing Meteorite packages\n\nMeteorite packages include a `smart.json` file in their root directory to provide information about the package, and to list their dependencies. For an example, see [Meteor Router\'s `smart.json`](https://github.com/tmeasday/meteor-router/blob/master/smart.json).\n\nMeteorite packages also include a `package.js` file in their root directory to tell Meteorite how it should be installed. For an example, see [Meteor Roles\' `package.js`](https://github.com/alanning/meteor-roles/blob/master/roles/package.js).\n\nSee [Atmosphere\'s documentation on writing packages](https://atmosphere.meteor.com/wtf/package) for more information.\n\n## Bash Completion\n\nUse Meteorite\'s bash completion by sourcing it in your .bashrc or .bash_profile.\n\nDepending on where you installed Meteorite:\n\n```bash\nif [ -f /path/to/meteorite/completions/mrt.bash ]; then\n  . /path/to/meteorite/completions/mrt.bash\nfi\n```\n\nAlternatively, you can create a symbolic link under bash_completion.d:\n\n```bash\nln -s /path/to/meteorite/completions/mrt.bash /path/to/bash_completion.d/mrt\n```\n\n## Running Meteorite In a Git Hook Script\n\nIf you encounter checkout errors while running `mrt install` or `mrt update` within a Git hook script, it is because `GIT_DIR` is set to an unexpected value when running within a hook. The solution is to temporarily unset it just before running the `mrt` command.\n\n```bash\n(unset GIT_DIR; mrt update)\n```\n\n## Contributing\n\nContributions to meteorite are very welcome! Please see the [Contribution Guide](https://github.com/oortcloud/meteorite/blob/master/CONTRIBUTING.md) for details.\n',
36 silly resolved     readmeFilename: 'README.md',
36 silly resolved     bugs: { url: 'https://github.com/oortcloud/meteorite/issues' },
36 silly resolved     _id: 'meteorite@0.9.2',
36 silly resolved     _from: 'meteorite@' } ]
37 info install meteorite@0.9.2 into /usr/local/lib
38 info installOne meteorite@0.9.2
39 info /usr/local/lib/node_modules/meteorite unbuild
40 verbose tar unpack /Users/student/.npm/meteorite/0.9.2/package.tgz
41 silly lockFile 91db5695-local-lib-node-modules-meteorite tar:///usr/local/lib/node_modules/meteorite
42 verbose lock tar:///usr/local/lib/node_modules/meteorite /Users/student/.npm/91db5695-local-lib-node-modules-meteorite.lock
43 silly lockFile 65ee7dc1--npm-meteorite-0-9-2-package-tgz tar:///Users/student/.npm/meteorite/0.9.2/package.tgz
44 verbose lock tar:///Users/student/.npm/meteorite/0.9.2/package.tgz /Users/student/.npm/65ee7dc1--npm-meteorite-0-9-2-package-tgz.lock
45 silly gunzTarPerm modes [ '755', '644' ]
46 error Error: EACCES, mkdir '/usr/local/lib/node_modules/meteorite'
46 error  { [Error: EACCES, mkdir '/usr/local/lib/node_modules/meteorite']
46 error   errno: 3,
46 error   code: 'EACCES',
46 error   path: '/usr/local/lib/node_modules/meteorite',
46 error   fstream_type: 'Directory',
46 error   fstream_path: '/usr/local/lib/node_modules/meteorite',
46 error   fstream_class: 'DirWriter',
46 error   fstream_stack:
46 error    [ '/usr/local/lib/node_modules/npm/node_modules/fstream/lib/dir-writer.js:36:23',
46 error      '/usr/local/lib/node_modules/npm/node_modules/mkdirp/index.js:37:53',
46 error      'Object.oncomplete (fs.js:107:15)' ] }
47 error Please try running this command again as root/Administrator.
48 error System Darwin 13.3.0
49 error command "node" "/usr/local/bin/npm" "install" "-g" "meteorite"
50 error cwd /Users/student/projects/jojo
51 error node -v v0.10.31
52 error npm -v 1.3.11
53 error path /usr/local/lib/node_modules/meteorite
54 error fstream_path /usr/local/lib/node_modules/meteorite
55 error fstream_type Directory
56 error fstream_class DirWriter
57 error code EACCES
58 error errno 3
59 error stack Error: EACCES, mkdir '/usr/local/lib/node_modules/meteorite'
60 error fstream_stack /usr/local/lib/node_modules/npm/node_modules/fstream/lib/dir-writer.js:36:23
60 error fstream_stack /usr/local/lib/node_modules/npm/node_modules/mkdirp/index.js:37:53
60 error fstream_stack Object.oncomplete (fs.js:107:15)
61 verbose exit [ 3, true ]
